  [1m[35m (1.9ms)[0m  [1m[34mSELECT sqlite_version(*)[0m
  [1m[35m (211.7ms)[0m  [1m[35mCREATE TABLE "schema_migrations" ("version" varchar NOT NULL PRIMARY KEY)[0m
  [1m[35m (202.1ms)[0m  [1m[35mCREATE TABLE "ar_internal_metadata" ("key" varchar NOT NULL PRIMARY KEY, "value" varchar, "created_at" datetime(6) NOT NULL, "updated_at" datetime(6) NOT NULL)[0m
  [1m[35m (0.3ms)[0m  [1m[34mSELECT "schema_migrations"."version" FROM "schema_migrations" ORDER BY "schema_migrations"."version" ASC[0m
Migrating to CreateBands (20210710081438)
  [1m[36mTRANSACTION (0.2ms)[0m  [1m[36mbegin transaction[0m
  [1m[35m (2.8ms)[0m  [1m[35mCREATE TABLE "bands" ("id" integer PRIMARY KEY AUTOINCREMENT NOT NULL, "name" varchar, "created_at" datetime(6) NOT NULL, "updated_at" datetime(6) NOT NULL)[0m
  [1m[36mActiveRecord::SchemaMigration Create (0.5ms)[0m  [1m[32mINSERT INTO "schema_migrations" ("version") VALUES (?)[0m  [["version", "20210710081438"]]
  [1m[36mTRANSACTION (129.9ms)[0m  [1m[36mcommit transaction[0m
  [1m[36mActiveRecord::InternalMetadata Load (0.3ms)[0m  [1m[34mSELECT "ar_internal_metadata".* FROM "ar_internal_metadata" WHERE "ar_internal_metadata"."key" = ? LIMIT ?[0m  [["key", "environment"], ["LIMIT", 1]]
  [1m[36mTRANSACTION (0.1ms)[0m  [1m[36mbegin transaction[0m
  [1m[36mActiveRecord::InternalMetadata Create (2.3ms)[0m  [1m[32mINSERT INTO "ar_internal_metadata" ("key", "value", "created_at", "updated_at") VALUES (?, ?, ?, ?)[0m  [["key", "environment"], ["value", "development"], ["created_at", "2021-07-10 08:16:16.222161"], ["updated_at", "2021-07-10 08:16:16.222161"]]
  [1m[36mTRANSACTION (101.2ms)[0m  [1m[36mcommit transaction[0m
  [1m[35m (0.0ms)[0m  [1m[34mSELECT sqlite_version(*)[0m
  [1m[35m (0.2ms)[0m  [1m[34mSELECT "schema_migrations"."version" FROM "schema_migrations" ORDER BY "schema_migrations"."version" ASC[0m
Started GET "/" for 127.0.0.1 at 2021-07-10 13:16:33 +0500
  [1m[35m (0.5ms)[0m  [1m[34mSELECT sqlite_version(*)[0m
  [1m[35m (0.1ms)[0m  [1m[34mSELECT "schema_migrations"."version" FROM "schema_migrations" ORDER BY "schema_migrations"."version" ASC[0m
Processing by Rails::WelcomeController#index as HTML
  Rendering /var/lib/gems/2.5.0/gems/railties-6.1.4/lib/rails/templates/rails/welcome/index.html.erb
  Rendered /var/lib/gems/2.5.0/gems/railties-6.1.4/lib/rails/templates/rails/welcome/index.html.erb (Duration: 3.9ms | Allocations: 462)
Completed 200 OK in 14ms (Views: 5.6ms | ActiveRecord: 0.0ms | Allocations: 3918)


Started GET "/bands" for 127.0.0.1 at 2021-07-10 13:16:43 +0500
Processing by BandsController#index as HTML
  [1m[36mBand Load (0.4ms)[0m  [1m[34mSELECT "bands".* FROM "bands"[0m
  ↳ app/controllers/bands_controller.rb:8:in `index'
Completed 200 OK in 9ms (Views: 4.3ms | ActiveRecord: 0.4ms | Allocations: 1104)


  [1m[35m (0.7ms)[0m  [1m[34mSELECT sqlite_version(*)[0m
  [1m[36mTRANSACTION (0.1ms)[0m  [1m[36mbegin transaction[0m
  [1m[36mBand Create (1.1ms)[0m  [1m[32mINSERT INTO "bands" ("name", "created_at", "updated_at") VALUES (?, ?, ?)[0m  [["name", "AC/DC"], ["created_at", "2021-07-10 08:19:18.841614"], ["updated_at", "2021-07-10 08:19:18.841614"]]
  [1m[36mTRANSACTION (243.4ms)[0m  [1m[36mcommit transaction[0m
  [1m[36mTRANSACTION (0.1ms)[0m  [1m[36mbegin transaction[0m
  [1m[36mBand Create (0.7ms)[0m  [1m[32mINSERT INTO "bands" ("name", "created_at", "updated_at") VALUES (?, ?, ?)[0m  [["name", "Rolling Stones"], ["created_at", "2021-07-10 08:19:31.920333"], ["updated_at", "2021-07-10 08:19:31.920333"]]
  [1m[36mTRANSACTION (246.8ms)[0m  [1m[36mcommit transaction[0m
  [1m[36mTRANSACTION (0.1ms)[0m  [1m[36mbegin transaction[0m
  [1m[36mBand Create (2.0ms)[0m  [1m[32mINSERT INTO "bands" ("name", "created_at", "updated_at") VALUES (?, ?, ?)[0m  [["name", "Led Zeppelin"], ["created_at", "2021-07-10 08:19:40.192244"], ["updated_at", "2021-07-10 08:19:40.192244"]]
  [1m[36mTRANSACTION (252.2ms)[0m  [1m[36mcommit transaction[0m
  [1m[36mTRANSACTION (0.1ms)[0m  [1m[36mbegin transaction[0m
  [1m[36mBand Create (0.2ms)[0m  [1m[32mINSERT INTO "bands" ("name", "created_at", "updated_at") VALUES (?, ?, ?)[0m  [["name", "The Beatles"], ["created_at", "2021-07-10 08:19:49.837654"], ["updated_at", "2021-07-10 08:19:49.837654"]]
  [1m[36mTRANSACTION (185.0ms)[0m  [1m[36mcommit transaction[0m
  [1m[36mTRANSACTION (0.1ms)[0m  [1m[36mbegin transaction[0m
  [1m[36mBand Create (0.4ms)[0m  [1m[32mINSERT INTO "bands" ("name", "created_at", "updated_at") VALUES (?, ?, ?)[0m  [["name", "Gun n' Roses"], ["created_at", "2021-07-10 08:19:58.397337"], ["updated_at", "2021-07-10 08:19:58.397337"]]
  [1m[36mTRANSACTION (220.2ms)[0m  [1m[36mcommit transaction[0m
Started GET "/bands" for 127.0.0.1 at 2021-07-10 13:20:10 +0500
  [1m[35m (0.5ms)[0m  [1m[34mSELECT sqlite_version(*)[0m
  [1m[35m (0.1ms)[0m  [1m[34mSELECT "schema_migrations"."version" FROM "schema_migrations" ORDER BY "schema_migrations"."version" ASC[0m
Processing by BandsController#index as HTML
  [1m[36mBand Load (0.1ms)[0m  [1m[34mSELECT "bands".* FROM "bands"[0m
  ↳ app/controllers/bands_controller.rb:8:in `index'
Completed 200 OK in 9ms (Views: 4.4ms | ActiveRecord: 0.6ms | Allocations: 7930)


Started GET "/" for 127.0.0.1 at 2021-07-10 13:28:23 +0500
Processing by Rails::WelcomeController#index as HTML
  Rendering /var/lib/gems/2.5.0/gems/railties-6.1.4/lib/rails/templates/rails/welcome/index.html.erb
  Rendered /var/lib/gems/2.5.0/gems/railties-6.1.4/lib/rails/templates/rails/welcome/index.html.erb (Duration: 4.9ms | Allocations: 462)
Completed 200 OK in 12ms (Views: 7.0ms | Allocations: 3908)


Started GET "/bands" for 127.0.0.1 at 2021-07-10 13:28:28 +0500
Processing by BandsController#index as HTML
  [1m[35m (0.1ms)[0m  [1m[34mSELECT sqlite_version(*)[0m
  ↳ app/controllers/bands_controller.rb:8:in `index'
  [1m[36mBand Load (0.2ms)[0m  [1m[34mSELECT "bands".* FROM "bands"[0m
  ↳ app/controllers/bands_controller.rb:8:in `index'
Completed 200 OK in 12ms (Views: 9.6ms | ActiveRecord: 0.7ms | Allocations: 4291)


  [1m[35m (0.4ms)[0m  [1m[34mSELECT sqlite_version(*)[0m
  [1m[35m (0.1ms)[0m  [1m[34mSELECT "schema_migrations"."version" FROM "schema_migrations" ORDER BY "schema_migrations"."version" ASC[0m
Migrating to CreateMembers (20210710083246)
  [1m[36mTRANSACTION (0.0ms)[0m  [1m[36mbegin transaction[0m
  [1m[35m (0.3ms)[0m  [1m[35mCREATE TABLE "members" ("id" integer PRIMARY KEY AUTOINCREMENT NOT NULL, "band_id" integer NOT NULL, "name" varchar, "created_at" datetime(6) NOT NULL, "updated_at" datetime(6) NOT NULL, CONSTRAINT "fk_rails_a473560e3a"
FOREIGN KEY ("band_id")
  REFERENCES "bands" ("id")
)[0m
  [1m[35m (0.1ms)[0m  [1m[35mCREATE INDEX "index_members_on_band_id" ON "members" ("band_id")[0m
  [1m[36mActiveRecord::SchemaMigration Create (0.1ms)[0m  [1m[32mINSERT INTO "schema_migrations" ("version") VALUES (?)[0m  [["version", "20210710083246"]]
  [1m[36mTRANSACTION (214.6ms)[0m  [1m[36mcommit transaction[0m
  [1m[36mActiveRecord::InternalMetadata Load (0.1ms)[0m  [1m[34mSELECT "ar_internal_metadata".* FROM "ar_internal_metadata" WHERE "ar_internal_metadata"."key" = ? LIMIT ?[0m  [["key", "environment"], ["LIMIT", 1]]
  [1m[35m (0.0ms)[0m  [1m[34mSELECT sqlite_version(*)[0m
  [1m[35m (0.1ms)[0m  [1m[34mSELECT "schema_migrations"."version" FROM "schema_migrations" ORDER BY "schema_migrations"."version" ASC[0m
  [1m[35m (0.6ms)[0m  [1m[34mSELECT sqlite_version(*)[0m
  [1m[36mTRANSACTION (0.2ms)[0m  [1m[36mbegin transaction[0m
  [1m[36mBand Load (0.2ms)[0m  [1m[34mSELECT "bands".* FROM "bands" WHERE "bands"."id" = ? LIMIT ?[0m  [["id", 1], ["LIMIT", 1]]
  [1m[36mMember Create (0.5ms)[0m  [1m[32mINSERT INTO "members" ("band_id", "name", "created_at", "updated_at") VALUES (?, ?, ?, ?)[0m  [["band_id", 1], ["name", "Angus Young"], ["created_at", "2021-07-10 08:38:18.592669"], ["updated_at", "2021-07-10 08:38:18.592669"]]
  [1m[36mTRANSACTION (245.6ms)[0m  [1m[36mcommit transaction[0m
Started GET "/bands" for 127.0.0.1 at 2021-07-10 13:40:17 +0500
  
SyntaxError (/home/abdul/Desktop/RailsProjects/band_api/config/routes.rb:5: syntax error, unexpected end-of-input, expecting keyword_end):
  
config/routes.rb:5: syntax error, unexpected end-of-input, expecting keyword_end
config/routes.rb:5: syntax error, unexpected end-of-input, expecting keyword_end
Started GET "/bands" for 127.0.0.1 at 2021-07-10 13:40:31 +0500
  [1m[35m (0.1ms)[0m  [1m[34mSELECT sqlite_version(*)[0m
  [1m[35m (0.1ms)[0m  [1m[34mSELECT "schema_migrations"."version" FROM "schema_migrations" ORDER BY "schema_migrations"."version" ASC[0m
Processing by BandsController#index as HTML
Completed 500 Internal Server Error in 3ms (ActiveRecord: 0.0ms | Allocations: 1858)


  
TypeError (wrong argument type Symbol (expected Module)):
  
app/controllers/bands_controller.rb:8:in `index'
Started GET "/members" for 127.0.0.1 at 2021-07-10 13:40:44 +0500
  
ActionController::RoutingError (No route matches [GET] "/members"):
  
Started GET "/bands" for 127.0.0.1 at 2021-07-10 13:41:35 +0500
Processing by BandsController#index as HTML
Completed 500 Internal Server Error in 1ms (ActiveRecord: 0.0ms | Allocations: 138)


  
TypeError (wrong argument type Symbol (expected Module)):
  
app/controllers/bands_controller.rb:8:in `index'
Started GET "/bands" for 127.0.0.1 at 2021-07-10 13:41:53 +0500
Processing by BandsController#index as HTML
Completed 500 Internal Server Error in 2ms (Allocations: 1210)


  
TypeError (wrong argument type Symbol (expected Module)):
  
app/controllers/bands_controller.rb:8:in `index'
Started GET "/bands" for 127.0.0.1 at 2021-07-10 13:41:59 +0500
Processing by BandsController#index as HTML
Completed 500 Internal Server Error in 1ms (Allocations: 1201)


  
TypeError (wrong argument type Symbol (expected Module)):
  
app/controllers/bands_controller.rb:8:in `index'
Started GET "/bands" for 127.0.0.1 at 2021-07-10 14:18:20 +0500
Processing by BandsController#index as HTML
Completed 500 Internal Server Error in 2ms (Allocations: 1202)


  
TypeError (wrong argument type Symbol (expected Module)):
  
app/controllers/bands_controller.rb:8:in `index'
Started GET "/bands" for 127.0.0.1 at 2021-07-10 14:19:29 +0500
  
SyntaxError (/home/abdul/Desktop/RailsProjects/band_api/app/controllers/bands_controller.rb:8: syntax error, unexpected '}', expecting =>
... @bands, :include => {:members}, only: [:name]
...                              ^):
  
app/controllers/bands_controller.rb:8: syntax error, unexpected '}', expecting =>
app/controllers/bands_controller.rb:8: syntax error, unexpected '}', expecting =>
Started GET "/bands" for 127.0.0.1 at 2021-07-10 14:20:14 +0500
Processing by BandsController#index as HTML
  [1m[35m (0.1ms)[0m  [1m[34mSELECT sqlite_version(*)[0m
  ↳ app/controllers/bands_controller.rb:8:in `index'
  [1m[36mBand Load (0.1ms)[0m  [1m[34mSELECT "bands".* FROM "bands"[0m
  ↳ app/controllers/bands_controller.rb:8:in `index'
Completed 500 Internal Server Error in 12ms (ActiveRecord: 0.9ms | Allocations: 5757)


  
NoMethodError (undefined method `serializable_hash' for "AC/DC":String):
  
app/controllers/bands_controller.rb:8:in `index'
Started GET "/bands" for 127.0.0.1 at 2021-07-10 14:20:21 +0500
Processing by BandsController#index as HTML
  [1m[35m (0.0ms)[0m  [1m[34mSELECT sqlite_version(*)[0m
  ↳ app/controllers/bands_controller.rb:8:in `index'
  [1m[36mBand Load (0.1ms)[0m  [1m[34mSELECT "bands".* FROM "bands"[0m
  ↳ app/controllers/bands_controller.rb:8:in `index'
Completed 500 Internal Server Error in 7ms (ActiveRecord: 0.6ms | Allocations: 5644)


  
NoMethodError (undefined method `serializable_hash' for "AC/DC":String):
  
app/controllers/bands_controller.rb:8:in `index'
Started GET "/bands" for 127.0.0.1 at 2021-07-10 14:20:29 +0500
Processing by BandsController#index as HTML
  [1m[35m (0.0ms)[0m  [1m[34mSELECT sqlite_version(*)[0m
  ↳ app/controllers/bands_controller.rb:8:in `index'
  [1m[36mBand Load (0.1ms)[0m  [1m[34mSELECT "bands".* FROM "bands"[0m
  ↳ app/controllers/bands_controller.rb:8:in `index'
Completed 200 OK in 7ms (Views: 4.4ms | ActiveRecord: 0.6ms | Allocations: 5232)


Started GET "/bands" for 127.0.0.1 at 2021-07-10 14:20:40 +0500
Processing by BandsController#index as HTML
  [1m[35m (0.0ms)[0m  [1m[34mSELECT sqlite_version(*)[0m
  ↳ app/controllers/bands_controller.rb:8:in `index'
  [1m[36mBand Load (0.1ms)[0m  [1m[34mSELECT "bands".* FROM "bands"[0m
  ↳ app/controllers/bands_controller.rb:8:in `index'
Completed 200 OK in 6ms (Views: 5.3ms | ActiveRecord: 0.6ms | Allocations: 5171)


Started GET "/bands/1/members" for 127.0.0.1 at 2021-07-10 14:21:37 +0500
  
ActionController::RoutingError (uninitialized constant MembersController):
  
Started GET "/bands/1/members" for 127.0.0.1 at 2021-07-10 14:30:44 +0500
  
ActionController::RoutingError (uninitialized constant MembersController):
  
Started GET "/" for 127.0.0.1 at 2021-07-10 14:30:46 +0500
Processing by Rails::WelcomeController#index as HTML
  Rendering /var/lib/gems/2.5.0/gems/railties-6.1.4/lib/rails/templates/rails/welcome/index.html.erb
  Rendered /var/lib/gems/2.5.0/gems/railties-6.1.4/lib/rails/templates/rails/welcome/index.html.erb (Duration: 18.9ms | Allocations: 221)
Completed 200 OK in 24ms (Views: 22.1ms | Allocations: 929)


Started GET "/bands" for 127.0.0.1 at 2021-07-10 14:30:52 +0500
Processing by BandsController#index as HTML
  [1m[35m (0.1ms)[0m  [1m[34mSELECT sqlite_version(*)[0m
  ↳ app/controllers/bands_controller.rb:8:in `index'
  [1m[36mBand Load (0.2ms)[0m  [1m[34mSELECT "bands".* FROM "bands"[0m
  ↳ app/controllers/bands_controller.rb:8:in `index'
Completed 200 OK in 12ms (Views: 9.4ms | ActiveRecord: 0.6ms | Allocations: 5021)


Started GET "/bands/1/members" for 127.0.0.1 at 2021-07-10 14:30:58 +0500
  
ActionController::RoutingError (uninitialized constant MembersController):
  
Started GET "/bands" for 127.0.0.1 at 2021-07-10 14:31:24 +0500
Processing by BandsController#index as HTML
  [1m[36mBand Load (0.2ms)[0m  [1m[34mSELECT "bands".* FROM "bands"[0m
  ↳ app/controllers/bands_controller.rb:8:in `index'
Completed 200 OK in 3ms (Views: 2.0ms | ActiveRecord: 0.2ms | Allocations: 1193)


Started GET "/bands" for 127.0.0.1 at 2021-07-10 14:32:58 +0500
  [1m[35m (0.4ms)[0m  [1m[34mSELECT sqlite_version(*)[0m
  [1m[35m (0.1ms)[0m  [1m[34mSELECT "schema_migrations"."version" FROM "schema_migrations" ORDER BY "schema_migrations"."version" ASC[0m
Processing by BandsController#index as HTML
  [1m[36mBand Load (0.1ms)[0m  [1m[34mSELECT "bands".* FROM "bands"[0m
  ↳ app/controllers/bands_controller.rb:8:in `index'
[active_model_serializers] Rendered ActiveModel::Serializer::CollectionSerializer with ActiveModelSerializers::Adapter::Attributes (0.42ms)
Completed 200 OK in 11ms (Views: 5.4ms | ActiveRecord: 0.4ms | Allocations: 11484)


Started GET "/bands" for 127.0.0.1 at 2021-07-10 14:36:06 +0500
  [1m[35m (0.5ms)[0m  [1m[34mSELECT sqlite_version(*)[0m
  [1m[35m (0.1ms)[0m  [1m[34mSELECT "schema_migrations"."version" FROM "schema_migrations" ORDER BY "schema_migrations"."version" ASC[0m
Processing by BandsController#index as HTML
  [1m[36mBand Load (0.1ms)[0m  [1m[34mSELECT "bands".* FROM "bands"[0m
  ↳ app/controllers/bands_controller.rb:8:in `index'
[active_model_serializers] Rendered ActiveModel::Serializer::CollectionSerializer with ActiveModelSerializers::Adapter::Attributes (0.44ms)
Completed 200 OK in 12ms (Views: 6.1ms | ActiveRecord: 0.4ms | Allocations: 11484)


Started GET "/bands/1/members" for 127.0.0.1 at 2021-07-10 14:36:11 +0500
  
ActionController::RoutingError (uninitialized constant MembersController
Did you mean?  MemberSerializer):
  
Started GET "/bands/1" for 127.0.0.1 at 2021-07-10 14:36:15 +0500
Processing by BandsController#show as HTML
  Parameters: {"id"=>"1"}
  [1m[36mBand Load (0.5ms)[0m  [1m[34mSELECT "bands".* FROM "bands" WHERE "bands"."id" = ? LIMIT ?[0m  [["id", 1], ["LIMIT", 1]]
  ↳ app/controllers/bands_controller.rb:44:in `set_band'
[active_model_serializers] Rendered BandSerializer with ActiveModelSerializers::Adapter::Attributes (0.58ms)
Completed 200 OK in 11ms (Views: 2.1ms | ActiveRecord: 0.5ms | Allocations: 1649)


Started GET "/bands/1/members/1" for 127.0.0.1 at 2021-07-10 14:36:31 +0500
  
ActionController::RoutingError (uninitialized constant MembersController
Did you mean?  MemberSerializer):
  
Started GET "/bands" for 127.0.0.1 at 2021-07-10 14:37:47 +0500
Processing by BandsController#index as HTML
  [1m[35m (0.0ms)[0m  [1m[34mSELECT sqlite_version(*)[0m
  ↳ app/controllers/bands_controller.rb:8:in `index'
  [1m[36mBand Load (0.1ms)[0m  [1m[34mSELECT "bands".* FROM "bands"[0m
  ↳ app/controllers/bands_controller.rb:8:in `index'
[active_model_serializers]   [1m[36mMember Load (0.4ms)[0m  [1m[34mSELECT "members".* FROM "members" WHERE "members"."band_id" = ?[0m  [["band_id", 1]]
[active_model_serializers]   ↳ app/controllers/bands_controller.rb:8:in `index'
[active_model_serializers]   [1m[36mMember Load (0.1ms)[0m  [1m[34mSELECT "members".* FROM "members" WHERE "members"."band_id" = ?[0m  [["band_id", 2]]
[active_model_serializers]   ↳ app/controllers/bands_controller.rb:8:in `index'
[active_model_serializers]   [1m[36mMember Load (0.1ms)[0m  [1m[34mSELECT "members".* FROM "members" WHERE "members"."band_id" = ?[0m  [["band_id", 3]]
[active_model_serializers]   ↳ app/controllers/bands_controller.rb:8:in `index'
[active_model_serializers]   [1m[36mMember Load (0.1ms)[0m  [1m[34mSELECT "members".* FROM "members" WHERE "members"."band_id" = ?[0m  [["band_id", 4]]
[active_model_serializers]   ↳ app/controllers/bands_controller.rb:8:in `index'
[active_model_serializers]   [1m[36mMember Load (0.1ms)[0m  [1m[34mSELECT "members".* FROM "members" WHERE "members"."band_id" = ?[0m  [["band_id", 5]]
[active_model_serializers]   ↳ app/controllers/bands_controller.rb:8:in `index'
[active_model_serializers] Rendered ActiveModel::Serializer::CollectionSerializer with ActiveModelSerializers::Adapter::Attributes (134.65ms)
Completed 200 OK in 145ms (Views: 143.6ms | ActiveRecord: 2.5ms | Allocations: 21625)


  [1m[35m (0.5ms)[0m  [1m[34mSELECT sqlite_version(*)[0m
  [1m[36mTRANSACTION (0.1ms)[0m  [1m[36mbegin transaction[0m
  [1m[36mBand Load (0.1ms)[0m  [1m[34mSELECT "bands".* FROM "bands" WHERE "bands"."id" = ? LIMIT ?[0m  [["id", 1], ["LIMIT", 1]]
  [1m[36mMember Create (1.0ms)[0m  [1m[32mINSERT INTO "members" ("band_id", "name", "created_at", "updated_at") VALUES (?, ?, ?, ?)[0m  [["band_id", 1], ["name", "Malcom Young"], ["created_at", "2021-07-10 09:41:48.269567"], ["updated_at", "2021-07-10 09:41:48.269567"]]
  [1m[36mTRANSACTION (187.1ms)[0m  [1m[36mcommit transaction[0m
  [1m[36mTRANSACTION (0.1ms)[0m  [1m[36mbegin transaction[0m
  [1m[36mBand Load (0.2ms)[0m  [1m[34mSELECT "bands".* FROM "bands" WHERE "bands"."id" = ? LIMIT ?[0m  [["id", 4], ["LIMIT", 1]]
  [1m[36mMember Create (9.6ms)[0m  [1m[32mINSERT INTO "members" ("band_id", "name", "created_at", "updated_at") VALUES (?, ?, ?, ?)[0m  [["band_id", 4], ["name", "John Lennon"], ["created_at", "2021-07-10 09:42:09.462959"], ["updated_at", "2021-07-10 09:42:09.462959"]]
  [1m[36mTRANSACTION (320.3ms)[0m  [1m[36mcommit transaction[0m
  [1m[36mTRANSACTION (0.1ms)[0m  [1m[36mbegin transaction[0m
  [1m[36mBand Load (0.2ms)[0m  [1m[34mSELECT "bands".* FROM "bands" WHERE "bands"."id" = ? LIMIT ?[0m  [["id", 4], ["LIMIT", 1]]
  [1m[36mMember Create (0.2ms)[0m  [1m[32mINSERT INTO "members" ("band_id", "name", "created_at", "updated_at") VALUES (?, ?, ?, ?)[0m  [["band_id", 4], ["name", "Paul McCaertney"], ["created_at", "2021-07-10 09:42:31.097371"], ["updated_at", "2021-07-10 09:42:31.097371"]]
  [1m[36mTRANSACTION (189.4ms)[0m  [1m[36mcommit transaction[0m
  [1m[36mTRANSACTION (0.1ms)[0m  [1m[36mbegin transaction[0m
  [1m[36mBand Load (0.2ms)[0m  [1m[34mSELECT "bands".* FROM "bands" WHERE "bands"."id" = ? LIMIT ?[0m  [["id", 4], ["LIMIT", 1]]
  [1m[36mMember Create (0.7ms)[0m  [1m[32mINSERT INTO "members" ("band_id", "name", "created_at", "updated_at") VALUES (?, ?, ?, ?)[0m  [["band_id", 4], ["name", "Ringo Star"], ["created_at", "2021-07-10 09:42:40.137287"], ["updated_at", "2021-07-10 09:42:40.137287"]]
  [1m[36mTRANSACTION (259.9ms)[0m  [1m[36mcommit transaction[0m
  [1m[36mTRANSACTION (0.1ms)[0m  [1m[36mbegin transaction[0m
  [1m[36mBand Load (0.2ms)[0m  [1m[34mSELECT "bands".* FROM "bands" WHERE "bands"."id" = ? LIMIT ?[0m  [["id", 4], ["LIMIT", 1]]
  [1m[36mMember Create (0.3ms)[0m  [1m[32mINSERT INTO "members" ("band_id", "name", "created_at", "updated_at") VALUES (?, ?, ?, ?)[0m  [["band_id", 4], ["name", "George Marrison"], ["created_at", "2021-07-10 09:42:53.192613"], ["updated_at", "2021-07-10 09:42:53.192613"]]
  [1m[36mTRANSACTION (436.5ms)[0m  [1m[36mcommit transaction[0m
  [1m[36mTRANSACTION (0.1ms)[0m  [1m[36mbegin transaction[0m
  [1m[36mBand Load (0.2ms)[0m  [1m[34mSELECT "bands".* FROM "bands" WHERE "bands"."id" = ? LIMIT ?[0m  [["id", 5], ["LIMIT", 1]]
  [1m[36mMember Create (0.4ms)[0m  [1m[32mINSERT INTO "members" ("band_id", "name", "created_at", "updated_at") VALUES (?, ?, ?, ?)[0m  [["band_id", 5], ["name", "Slash"], ["created_at", "2021-07-10 09:43:15.140280"], ["updated_at", "2021-07-10 09:43:15.140280"]]
  [1m[36mTRANSACTION (352.7ms)[0m  [1m[36mcommit transaction[0m
  [1m[36mTRANSACTION (0.1ms)[0m  [1m[36mbegin transaction[0m
  [1m[36mBand Load (0.1ms)[0m  [1m[34mSELECT "bands".* FROM "bands" WHERE "bands"."id" = ? LIMIT ?[0m  [["id", 2], ["LIMIT", 1]]
  [1m[36mMember Create (0.3ms)[0m  [1m[32mINSERT INTO "members" ("band_id", "name", "created_at", "updated_at") VALUES (?, ?, ?, ?)[0m  [["band_id", 2], ["name", "Mick Jagger"], ["created_at", "2021-07-10 09:43:23.509679"], ["updated_at", "2021-07-10 09:43:23.509679"]]
  [1m[36mTRANSACTION (183.5ms)[0m  [1m[36mcommit transaction[0m
  [1m[36mTRANSACTION (0.1ms)[0m  [1m[36mbegin transaction[0m
  [1m[36mBand Load (0.2ms)[0m  [1m[34mSELECT "bands".* FROM "bands" WHERE "bands"."id" = ? LIMIT ?[0m  [["id", 2], ["LIMIT", 1]]
  [1m[36mMember Create (0.3ms)[0m  [1m[32mINSERT INTO "members" ("band_id", "name", "created_at", "updated_at") VALUES (?, ?, ?, ?)[0m  [["band_id", 2], ["name", "Keith Richard"], ["created_at", "2021-07-10 09:43:39.656171"], ["updated_at", "2021-07-10 09:43:39.656171"]]
  [1m[36mTRANSACTION (196.0ms)[0m  [1m[36mcommit transaction[0m
  [1m[36mTRANSACTION (0.1ms)[0m  [1m[36mbegin transaction[0m
  [1m[36mBand Load (0.3ms)[0m  [1m[34mSELECT "bands".* FROM "bands" WHERE "bands"."id" = ? LIMIT ?[0m  [["id", 3], ["LIMIT", 1]]
  [1m[36mMember Create (0.2ms)[0m  [1m[32mINSERT INTO "members" ("band_id", "name", "created_at", "updated_at") VALUES (?, ?, ?, ?)[0m  [["band_id", 3], ["name", "Robert Plant"], ["created_at", "2021-07-10 09:43:49.976727"], ["updated_at", "2021-07-10 09:43:49.976727"]]
  [1m[36mTRANSACTION (194.9ms)[0m  [1m[36mcommit transaction[0m
  [1m[36mTRANSACTION (0.2ms)[0m  [1m[36mbegin transaction[0m
  [1m[36mBand Load (0.2ms)[0m  [1m[34mSELECT "bands".* FROM "bands" WHERE "bands"."id" = ? LIMIT ?[0m  [["id", 3], ["LIMIT", 1]]
  [1m[36mMember Create (0.2ms)[0m  [1m[32mINSERT INTO "members" ("band_id", "name", "created_at", "updated_at") VALUES (?, ?, ?, ?)[0m  [["band_id", 3], ["name", "Jimmy Page"], ["created_at", "2021-07-10 09:43:58.487753"], ["updated_at", "2021-07-10 09:43:58.487753"]]
  [1m[36mTRANSACTION (238.9ms)[0m  [1m[36mcommit transaction[0m
  [1m[36mTRANSACTION (0.2ms)[0m  [1m[36mbegin transaction[0m
  [1m[36mBand Load (0.3ms)[0m  [1m[34mSELECT "bands".* FROM "bands" WHERE "bands"."id" = ? LIMIT ?[0m  [["id", 3], ["LIMIT", 1]]
  [1m[36mMember Create (0.6ms)[0m  [1m[32mINSERT INTO "members" ("band_id", "name", "created_at", "updated_at") VALUES (?, ?, ?, ?)[0m  [["band_id", 3], ["name", "Jimmy Bonnam"], ["created_at", "2021-07-10 09:44:19.032190"], ["updated_at", "2021-07-10 09:44:19.032190"]]
  [1m[36mTRANSACTION (180.4ms)[0m  [1m[36mcommit transaction[0m
  [1m[36mTRANSACTION (0.2ms)[0m  [1m[36mbegin transaction[0m
  [1m[36mBand Load (0.2ms)[0m  [1m[34mSELECT "bands".* FROM "bands" WHERE "bands"."id" = ? LIMIT ?[0m  [["id", 3], ["LIMIT", 1]]
  [1m[36mMember Create (0.3ms)[0m  [1m[32mINSERT INTO "members" ("band_id", "name", "created_at", "updated_at") VALUES (?, ?, ?, ?)[0m  [["band_id", 3], ["name", "John Paul Jones"], ["created_at", "2021-07-10 09:44:33.990541"], ["updated_at", "2021-07-10 09:44:33.990541"]]
  [1m[36mTRANSACTION (221.1ms)[0m  [1m[36mcommit transaction[0m
Started GET "/bands" for 127.0.0.1 at 2021-07-10 14:44:37 +0500
Processing by BandsController#index as HTML
  [1m[35m (0.1ms)[0m  [1m[34mSELECT sqlite_version(*)[0m
  ↳ app/controllers/bands_controller.rb:8:in `index'
  [1m[36mBand Load (0.1ms)[0m  [1m[34mSELECT "bands".* FROM "bands"[0m
  ↳ app/controllers/bands_controller.rb:8:in `index'
[active_model_serializers]   [1m[36mMember Load (0.2ms)[0m  [1m[34mSELECT "members".* FROM "members" WHERE "members"."band_id" = ?[0m  [["band_id", 1]]
[active_model_serializers]   ↳ app/controllers/bands_controller.rb:8:in `index'
[active_model_serializers]   [1m[36mMember Load (0.1ms)[0m  [1m[34mSELECT "members".* FROM "members" WHERE "members"."band_id" = ?[0m  [["band_id", 2]]
[active_model_serializers]   ↳ app/controllers/bands_controller.rb:8:in `index'
[active_model_serializers]   [1m[36mMember Load (0.1ms)[0m  [1m[34mSELECT "members".* FROM "members" WHERE "members"."band_id" = ?[0m  [["band_id", 3]]
[active_model_serializers]   ↳ app/controllers/bands_controller.rb:8:in `index'
[active_model_serializers]   [1m[36mMember Load (0.1ms)[0m  [1m[34mSELECT "members".* FROM "members" WHERE "members"."band_id" = ?[0m  [["band_id", 4]]
[active_model_serializers]   ↳ app/controllers/bands_controller.rb:8:in `index'
[active_model_serializers]   [1m[36mMember Load (0.0ms)[0m  [1m[34mSELECT "members".* FROM "members" WHERE "members"."band_id" = ?[0m  [["band_id", 5]]
[active_model_serializers]   ↳ app/controllers/bands_controller.rb:8:in `index'
[active_model_serializers] Rendered ActiveModel::Serializer::CollectionSerializer with ActiveModelSerializers::Adapter::Attributes (14.57ms)
Completed 200 OK in 25ms (Views: 22.4ms | ActiveRecord: 0.9ms | Allocations: 15713)


Started GET "/bands" for 127.0.0.1 at 2021-07-11 12:45:21 +0500
  [1m[35m (2.1ms)[0m  [1m[34mSELECT sqlite_version(*)[0m
  [1m[35m (0.1ms)[0m  [1m[34mSELECT "schema_migrations"."version" FROM "schema_migrations" ORDER BY "schema_migrations"."version" ASC[0m
Processing by BandsController#index as HTML
  [1m[36mBand Load (16.9ms)[0m  [1m[34mSELECT "bands".* FROM "bands"[0m
  ↳ app/controllers/bands_controller.rb:8:in `index'
[active_model_serializers]   [1m[36mMember Load (7.9ms)[0m  [1m[34mSELECT "members".* FROM "members" WHERE "members"."band_id" = ?[0m  [["band_id", 1]]
[active_model_serializers]   ↳ app/controllers/bands_controller.rb:8:in `index'
[active_model_serializers]   [1m[36mMember Load (0.1ms)[0m  [1m[34mSELECT "members".* FROM "members" WHERE "members"."band_id" = ?[0m  [["band_id", 2]]
[active_model_serializers]   ↳ app/controllers/bands_controller.rb:8:in `index'
[active_model_serializers]   [1m[36mMember Load (0.1ms)[0m  [1m[34mSELECT "members".* FROM "members" WHERE "members"."band_id" = ?[0m  [["band_id", 3]]
[active_model_serializers]   ↳ app/controllers/bands_controller.rb:8:in `index'
[active_model_serializers]   [1m[36mMember Load (0.1ms)[0m  [1m[34mSELECT "members".* FROM "members" WHERE "members"."band_id" = ?[0m  [["band_id", 4]]
[active_model_serializers]   ↳ app/controllers/bands_controller.rb:8:in `index'
[active_model_serializers]   [1m[36mMember Load (0.1ms)[0m  [1m[34mSELECT "members".* FROM "members" WHERE "members"."band_id" = ?[0m  [["band_id", 5]]
[active_model_serializers]   ↳ app/controllers/bands_controller.rb:8:in `index'
[active_model_serializers] Rendered ActiveModel::Serializer::CollectionSerializer with ActiveModelSerializers::Adapter::Attributes (89.29ms)
Completed 200 OK in 274ms (Views: 198.7ms | ActiveRecord: 26.4ms | Allocations: 29318)


Started GET "/bands" for 127.0.0.1 at 2021-07-11 12:45:34 +0500
  [1m[35m (0.4ms)[0m  [1m[34mSELECT sqlite_version(*)[0m
  [1m[35m (0.1ms)[0m  [1m[34mSELECT "schema_migrations"."version" FROM "schema_migrations" ORDER BY "schema_migrations"."version" ASC[0m
Processing by BandsController#index as HTML
  [1m[36mBand Load (0.1ms)[0m  [1m[34mSELECT "bands".* FROM "bands"[0m
  ↳ app/controllers/bands_controller.rb:8:in `index'
[active_model_serializers]   [1m[36mMember Load (0.1ms)[0m  [1m[34mSELECT "members".* FROM "members" WHERE "members"."band_id" = ?[0m  [["band_id", 1]]
[active_model_serializers]   ↳ app/controllers/bands_controller.rb:8:in `index'
[active_model_serializers]   [1m[36mMember Load (0.1ms)[0m  [1m[34mSELECT "members".* FROM "members" WHERE "members"."band_id" = ?[0m  [["band_id", 2]]
[active_model_serializers]   ↳ app/controllers/bands_controller.rb:8:in `index'
[active_model_serializers]   [1m[36mMember Load (0.1ms)[0m  [1m[34mSELECT "members".* FROM "members" WHERE "members"."band_id" = ?[0m  [["band_id", 3]]
[active_model_serializers]   ↳ app/controllers/bands_controller.rb:8:in `index'
[active_model_serializers]   [1m[36mMember Load (0.0ms)[0m  [1m[34mSELECT "members".* FROM "members" WHERE "members"."band_id" = ?[0m  [["band_id", 4]]
[active_model_serializers]   ↳ app/controllers/bands_controller.rb:8:in `index'
[active_model_serializers]   [1m[36mMember Load (0.0ms)[0m  [1m[34mSELECT "members".* FROM "members" WHERE "members"."band_id" = ?[0m  [["band_id", 5]]
[active_model_serializers]   ↳ app/controllers/bands_controller.rb:8:in `index'
[active_model_serializers] Rendered ActiveModel::Serializer::CollectionSerializer with ActiveModelSerializers::Adapter::JsonApi (32.04ms)
Completed 200 OK in 48ms (Views: 42.0ms | ActiveRecord: 1.0ms | Allocations: 31378)


Started GET "/bands" for 127.0.0.1 at 2021-07-11 12:51:34 +0500
Processing by BandsController#index as HTML
  [1m[36mBand Load (0.4ms)[0m  [1m[34mSELECT "bands".* FROM "bands"[0m
  ↳ app/controllers/bands_controller.rb:8:in `index'
[active_model_serializers]   [1m[36mMember Load (0.3ms)[0m  [1m[34mSELECT "members".* FROM "members" WHERE "members"."band_id" = ?[0m  [["band_id", 1]]
[active_model_serializers]   ↳ app/controllers/bands_controller.rb:8:in `index'
[active_model_serializers]   [1m[36mMember Load (0.3ms)[0m  [1m[34mSELECT "members".* FROM "members" WHERE "members"."band_id" = ?[0m  [["band_id", 2]]
[active_model_serializers]   ↳ app/controllers/bands_controller.rb:8:in `index'
[active_model_serializers]   [1m[36mMember Load (0.3ms)[0m  [1m[34mSELECT "members".* FROM "members" WHERE "members"."band_id" = ?[0m  [["band_id", 3]]
[active_model_serializers]   ↳ app/controllers/bands_controller.rb:8:in `index'
[active_model_serializers]   [1m[36mMember Load (0.3ms)[0m  [1m[34mSELECT "members".* FROM "members" WHERE "members"."band_id" = ?[0m  [["band_id", 4]]
[active_model_serializers]   ↳ app/controllers/bands_controller.rb:8:in `index'
[active_model_serializers]   [1m[36mMember Load (0.3ms)[0m  [1m[34mSELECT "members".* FROM "members" WHERE "members"."band_id" = ?[0m  [["band_id", 5]]
[active_model_serializers]   ↳ app/controllers/bands_controller.rb:8:in `index'
[active_model_serializers] Rendered ActiveModel::Serializer::CollectionSerializer with ActiveModelSerializers::Adapter::JsonApi (60.74ms)
Completed 200 OK in 69ms (Views: 66.6ms | ActiveRecord: 1.9ms | Allocations: 7911)


